============================================================
  Run:  V4_5__step2-factor-residual-etf__2026-04-20_1003
  Dir:  /home/wang.yige/7380/log/V4_5/V4_5__step2-factor-residual-etf__2026-04-20_1003/
  Out:  V4_5__step2-factor-residual-etf__2026-04-20_1003.out
  Err:  V4_5__step2-factor-residual-etf__2026-04-20_1003.err
  Img:  img/
  Meta: run_manifest.json | run_manifest.txt
============================================================
Experiment Manifest
  Strategy code: step2_factor_residual_etf
  Strategy name: Step2 FactorResidualETF
  Strategy summary: Use trailing ETF betas to strip out predicted systematic return from each stock's 5-day forward return so the model trains on a cleaner idiosyncratic target.
  Target label: Label = stock 5-day forward return minus trailing-beta ETF-implied 5-day return using SPY, QQQ, XLE, TLT, GLD.
  Trainer profile: Notebook-aligned local-memory trainer: precomputed day tensors stay on CPU, batched forward passes run on GPU, and each batch moves to device only when needed to reduce OOM risk.
  ETF proxies: SPY, QQQ, XLE, TLT, GLD
  Reference notebook: JP_Morgen_V4_MPS.ipynb
  Strategy dir: /home/wang.yige/7380/JP_Morgen_V4_5/strategies/step2_factor_residual_etf
  Device: cuda
  AMP active: True (float16)

Loaded Parameters
  d_model=256 | Transformer hidden dimension.
  num_layers=4 | Number of Two-Way attention blocks.
  nhead=8 | Attention heads per transformer layer.
  dropout=0.15 | Dropout applied in projection and head layers.
  listnet_weight=0.0 | Weight for ListNet ranking loss; step2 keeps this at 0.0 to isolate the target change first.
  temperature=1.0 | ListNet softmax temperature.
  num_epochs=100 | Maximum epochs per fold.
  patience=15 | Early stopping patience after epoch 20.
  lr=0.0003 | AdamW learning rate.
  batch_days=16 | Number of trading days grouped into one training batch before GPU transfer.
  top_n=3 | Top and bottom names used in long-short backtest.
  rebal_freq=5 | Backtest rebalance interval in trading days.
  stock_plot=AAPL | Ticker used for rolling prediction visualization.
  beta_window=120 | Trailing daily-return window used to estimate ETF betas.
  beta_min_obs=60 | Minimum valid daily-return observations required to fit ETF betas.
  amp_mode=on | CUDA mixed precision forward mode. Step2 now defaults to on for faster local training.
  amp_dtype=float16 | Mixed precision dtype when AMP is enabled.

Artifact Files
  stdout: /home/wang.yige/7380/log/V4_5/V4_5__step2-factor-residual-etf__2026-04-20_1003/V4_5__step2-factor-residual-etf__2026-04-20_1003.out
  stderr: /home/wang.yige/7380/log/V4_5/V4_5__step2-factor-residual-etf__2026-04-20_1003/V4_5__step2-factor-residual-etf__2026-04-20_1003.err
  manifest_json: /home/wang.yige/7380/log/V4_5/V4_5__step2-factor-residual-etf__2026-04-20_1003/run_manifest.json
  manifest_txt: /home/wang.yige/7380/log/V4_5/V4_5__step2-factor-residual-etf__2026-04-20_1003/run_manifest.txt


Strategy variant: Step2 FactorResidualETF
Hyperparameters: {'d_model': 256, 'num_layers': 4, 'nhead': 8, 'dropout': 0.15, 'listnet_weight': 0.0, 'temperature': 1.0, 'num_epochs': 100, 'patience': 15, 'lr': 0.0003, 'batch_days': 16, 'top_n': 3, 'rebal_freq': 5, 'stock_plot': 'AAPL', 'beta_window': 120, 'beta_min_obs': 60, 'amp_mode': 'on', 'amp_dtype': 'float16', 'amp_enabled': True}
Forward AMP: on (float16) | Loss precision: fp32
OK: local [2018-01-01 ~ 2025-12-31] covers [2018-01-01 ~ 2025-12-31]
Loaded 223 stocks [2018-01-01 ~ 2025-12-31]
Strategy: Step2 FactorResidualETF
Factors: 35
Targets: ETF-residual 5-day forward returns | proxies: SPY, QQQ, XLE, TLT, GLD
Beta estimation: trailing 120 daily returns | min obs 60
Residualized labels: 413943/427323 (96.9%) | raw fallback: 13380
Removing 2 stocks with < 4 years
Keeping 221 stocks | 35 factors
Valid days: 1945 | 2018-03-29 ~ 2025-12-22
Dropped 0 stocks in normalization
Stocks with data: 221
Daily dataset: 1865 days | stocks/day: 192-221 (avg 212)
full_data ready | 1865 days | 35 factors
Active ETF proxies in data: SPY, QQQ, XLE, TLT, GLD
Data spans 7.4 years
8 folds
  Fold 1: Train [2018-07~2021-07] Val [2021-07~2022-01] Test [2022-01~2022-07] (756/126/125)
  Fold 2: Train [2018-07~2022-01] Val [2022-01~2022-07] Test [2022-07~2023-01] (882/125/126)
  Fold 3: Train [2018-07~2022-07] Val [2022-07~2023-01] Test [2023-01~2023-07] (1007/126/124)
  Fold 4: Train [2018-07~2023-01] Val [2023-01~2023-07] Test [2023-07~2024-01] (1133/124/127)
  Fold 5: Train [2018-07~2023-07] Val [2023-07~2024-01] Test [2024-01~2024-07] (1257/127/125)
  Fold 6: Train [2018-07~2024-01] Val [2024-01~2024-07] Test [2024-07~2025-01] (1384/125/126)
  Fold 7: Train [2018-07~2024-07] Val [2024-07~2025-01] Test [2025-01~2025-07] (1509/126/124)
  Fold 8: Train [2018-07~2025-01] Val [2025-01~2025-07] Test [2025-07~2025-12] (1635/124/105)

============================================================
Fold 1/8: test [2022-01-24 ~ 2022-07-24]
============================================================
  Train: 756 | Val: 126 | Test: 125 days
  Precomputed 756 days (stored on cpu, batch-loaded to cuda)
    Ep  10 | Loss:0.4624 | Train IC:0.5376 | Val IC:0.0092 | Best:0.0116 | P:3/15 | Sec:7.0
    Ep  20 | Loss:0.2996 | Train IC:0.7004 | Val IC:0.0121 | Best:0.0121 | P:0/15 | Sec:6.5
    Ep  30 | Loss:0.2369 | Train IC:0.7631 | Val IC:0.0130 | Best:0.0161 | P:1/15 | Sec:6.5
    Ep  40 | Loss:0.2098 | Train IC:0.7902 | Val IC:0.0186 | Best:0.0186 | P:0/15 | Sec:6.5
    Ep  50 | Loss:0.2017 | Train IC:0.7983 | Val IC:0.0175 | Best:0.0186 | P:10/15 | Sec:6.5
    Early stop at epoch 55
  Done | Test IC: -0.0179 | Best Val IC: 0.0186


============================================================
Fold 2/8: test [2022-07-24 ~ 2023-01-24]
============================================================
  Train: 882 | Val: 125 | Test: 126 days
  Precomputed 882 days (stored on cpu, batch-loaded to cuda)
    Ep  10 | Loss:0.4864 | Train IC:0.5136 | Val IC:-0.0069 | Best:0.0149 | P:8/15 | Sec:7.8
    Ep  20 | Loss:0.3210 | Train IC:0.6790 | Val IC:0.0057 | Best:0.0149 | P:18/15 | Sec:7.8
    Early stop at epoch 21
  Done | Test IC: 0.0173 | Best Val IC: 0.0149


============================================================
Fold 3/8: test [2023-01-24 ~ 2023-07-24]
============================================================
  Train: 1007 | Val: 126 | Test: 124 days
  Precomputed 1007 days (stored on cpu, batch-loaded to cuda)
    Ep  10 | Loss:0.4864 | Train IC:0.5136 | Val IC:0.0204 | Best:0.0258 | P:7/15 | Sec:8.6
    Ep  20 | Loss:0.3201 | Train IC:0.6799 | Val IC:0.0123 | Best:0.0272 | P:4/15 | Sec:8.6
    Ep  30 | Loss:0.2527 | Train IC:0.7473 | Val IC:0.0062 | Best:0.0272 | P:14/15 | Sec:8.9
    Early stop at epoch 31
  Done | Test IC: 0.0297 | Best Val IC: 0.0272


============================================================
Fold 4/8: test [2023-07-24 ~ 2024-01-24]
============================================================
  Train: 1133 | Val: 124 | Test: 127 days
  Precomputed 1133 days (stored on cpu, batch-loaded to cuda)
    Ep  10 | Loss:0.4785 | Train IC:0.5215 | Val IC:-0.0058 | Best:0.0407 | P:9/15 | Sec:9.8
    Ep  20 | Loss:0.3123 | Train IC:0.6877 | Val IC:0.0089 | Best:0.0407 | P:19/15 | Sec:9.8
    Early stop at epoch 21
  Done | Test IC: 0.0055 | Best Val IC: 0.0407


============================================================
Fold 5/8: test [2024-01-24 ~ 2024-07-24]
============================================================
  Train: 1257 | Val: 127 | Test: 125 days
  Precomputed 1257 days (stored on cpu, batch-loaded to cuda)
    Ep  10 | Loss:0.4888 | Train IC:0.5112 | Val IC:0.0102 | Best:0.0102 | P:0/15 | Sec:10.8
    Ep  20 | Loss:0.3230 | Train IC:0.6770 | Val IC:-0.0080 | Best:0.0102 | P:10/15 | Sec:11.0
    Early stop at epoch 25
  Done | Test IC: 0.0111 | Best Val IC: 0.0102


============================================================
Fold 6/8: test [2024-07-24 ~ 2025-01-24]
============================================================
  Train: 1384 | Val: 125 | Test: 126 days
  Precomputed 1384 days (stored on cpu, batch-loaded to cuda)
    Ep  10 | Loss:0.4794 | Train IC:0.5206 | Val IC:-0.0003 | Best:0.0125 | P:1/15 | Sec:12.1
    Ep  20 | Loss:0.3195 | Train IC:0.6805 | Val IC:0.0159 | Best:0.0353 | P:1/15 | Sec:11.7
    Ep  30 | Loss:0.2542 | Train IC:0.7458 | Val IC:0.0232 | Best:0.0353 | P:11/15 | Sec:12.1
    Early stop at epoch 34
  Done | Test IC: 0.0172 | Best Val IC: 0.0353


============================================================
Fold 7/8: test [2025-01-24 ~ 2025-07-24]
============================================================
  Train: 1509 | Val: 126 | Test: 124 days
  Precomputed 1509 days (stored on cpu, batch-loaded to cuda)
    Ep  10 | Loss:0.4928 | Train IC:0.5072 | Val IC:0.0165 | Best:0.0429 | P:1/15 | Sec:12.9
    Ep  20 | Loss:0.3320 | Train IC:0.6680 | Val IC:0.0129 | Best:0.0429 | P:11/15 | Sec:13.0
    Early stop at epoch 24
  Done | Test IC: 0.0209 | Best Val IC: 0.0429


============================================================
Fold 8/8: test [2025-07-24 ~ 2025-12-22]
============================================================
  Train: 1635 | Val: 124 | Test: 105 days
  Precomputed 1635 days (stored on cpu, batch-loaded to cuda)
    Ep  10 | Loss:0.5052 | Train IC:0.4948 | Val IC:-0.0029 | Best:0.0079 | P:3/15 | Sec:14.0
    Ep  20 | Loss:0.3399 | Train IC:0.6601 | Val IC:0.0032 | Best:0.0197 | P:2/15 | Sec:14.1
    Ep  30 | Loss:0.2676 | Train IC:0.7324 | Val IC:0.0068 | Best:0.0199 | P:8/15 | Sec:14.0
    Early stop at epoch 37
  Done | Test IC: -0.0052 | Best Val IC: 0.0199


============================================================
V4 Rolling Window Summary
============================================================
  Fold 1: Val IC=0.0186 | Test IC=-0.0179 | [2022-01 ~ 2022-07]
  Fold 2: Val IC=0.0149 | Test IC=0.0173 | [2022-07 ~ 2023-01]
  Fold 3: Val IC=0.0272 | Test IC=0.0297 | [2023-01 ~ 2023-07]
  Fold 4: Val IC=0.0407 | Test IC=0.0055 | [2023-07 ~ 2024-01]
  Fold 5: Val IC=0.0102 | Test IC=0.0111 | [2024-01 ~ 2024-07]
  Fold 6: Val IC=0.0353 | Test IC=0.0172 | [2024-07 ~ 2025-01]
  Fold 7: Val IC=0.0429 | Test IC=0.0209 | [2025-01 ~ 2025-07]
  Fold 8: Val IC=0.0199 | Test IC=-0.0052 | [2025-07 ~ 2025-12]

  Avg Val IC:  0.0262
  Avg Test IC: 0.0098
  IC gap: 0.0164
  Total predictions: 216,808

Signal direction test...
Using reversed signal.

  =============================================
  Gross
  =============================================
    Total:  44.33%
    Annual: 9.84%
    Vol:    22.23%
    Sharpe: 0.26
    MaxDD:  -33.38%
    WinRate:55%

  =============================================
  Net
  =============================================
    Total:  7.64%
    Annual: 1.90%
    Vol:    22.25%
    Sharpe: -0.09
    MaxDD:  -40.45%
    WinRate:51%

  =============================================
  By Year
  =============================================
    2022: Ret=35.67% Sharpe=1.49 N=48
    2023: Ret=3.80% Sharpe=0.28 N=50
    2024: Ret=-11.46% Sharpe=-0.45 N=50
    2025: Ret=-13.67% Sharpe=-0.64 N=49
[LOG] Saved: /home/wang.yige/7380/log/V4_5/V4_5__step2-factor-residual-etf__2026-04-20_1003/img/01_V4_fold_ic.png
[LOG] Saved: /home/wang.yige/7380/log/V4_5/V4_5__step2-factor-residual-etf__2026-04-20_1003/img/02_V4_strategy_results.png
Mean IC: -0.0038 | Std: 0.1014 | IR: -0.0375 | IC>0: 49%
[LOG] Saved: /home/wang.yige/7380/log/V4_5/V4_5__step2-factor-residual-etf__2026-04-20_1003/img/03_V4_daily_ic.png
[LOG] Saved: /home/wang.yige/7380/log/V4_5/V4_5__step2-factor-residual-etf__2026-04-20_1003/img/04_AAPL_V4.png
AAPL: 982 samples | Dir acc: 50.8% | Corr: 0.0423
[LOG] Saved tabular outputs into /home/wang.yige/7380/log/V4_5/V4_5__step2-factor-residual-etf__2026-04-20_1003
