============================================================
  Run:  V4_5__step2-factor-residual-etf__2026-04-20_1757
  Dir:  /home/wang.yige/7380/log/V4_5/V4_5__step2-factor-residual-etf__2026-04-20_1757/
  Out:  V4_5__step2-factor-residual-etf__2026-04-20_1757.out
  Err:  V4_5__step2-factor-residual-etf__2026-04-20_1757.err
  Img:  img/
  Meta: run_manifest.json | run_manifest.txt
============================================================
Experiment Manifest
  Strategy code: step2_factor_residual_etf
  Strategy name: Step2 FactorResidualETF
  Strategy summary: Use trailing ETF betas to strip out predicted systematic return from each stock's 5-day forward return so the model trains on a cleaner idiosyncratic target.
  Target label: Label = stock 5-day forward return minus trailing-beta ETF-implied 5-day return using SPY, QQQ, XLE, TLT, GLD.
  Trainer profile: Notebook-aligned local-memory trainer: precomputed day tensors stay on CPU, batched forward passes run on GPU, and each batch moves to device only when needed to reduce OOM risk.
  ETF proxies: SPY, QQQ, XLE, TLT, GLD
  Reference notebook: JP_Morgen_V4_MPS.ipynb
  Strategy dir: /home/wang.yige/7380/JP_Morgen_V4_5/strategies/step2_factor_residual_etf
  Device: cuda
  AMP active: True (float16)

Loaded Parameters
  d_model=256 | Transformer hidden dimension.
  num_layers=4 | Number of Two-Way attention blocks.
  nhead=8 | Attention heads per transformer layer.
  dropout=0.15 | Dropout applied in projection and head layers.
  listnet_weight=0.0 | Weight for ListNet ranking loss; step2 keeps this at 0.0 to isolate the target change first.
  temperature=1.0 | ListNet softmax temperature.
  num_epochs=100 | Maximum epochs per fold.
  patience=15 | Early stopping patience after epoch 20.
  lr=0.0003 | AdamW learning rate.
  batch_days=16 | Number of trading days grouped into one training batch before GPU transfer.
  top_n=5 | Top and bottom names used in long-short backtest.
  rebal_freq=5 | Backtest rebalance interval in trading days.
  score_smooth_window=3 | Number of per-ticker predictions used for score smoothing before trading.
  score_smooth_method=ewm | Trade-score smoothing method used before rebalance selection.
  no_trade_band=0.3 | Incumbency bonus in normalized signal units before replacing an existing position.
  stock_plot=AAPL | Ticker used for rolling prediction visualization.
  beta_window=120 | Trailing daily-return window used to estimate ETF betas.
  beta_min_obs=60 | Minimum valid daily-return observations required to fit ETF betas.
  amp_mode=on | CUDA mixed precision forward mode. Step2 now defaults to on for faster local training.
  amp_dtype=float16 | Mixed precision dtype when AMP is enabled.

Artifact Files
  stdout: /home/wang.yige/7380/log/V4_5/V4_5__step2-factor-residual-etf__2026-04-20_1757/V4_5__step2-factor-residual-etf__2026-04-20_1757.out
  stderr: /home/wang.yige/7380/log/V4_5/V4_5__step2-factor-residual-etf__2026-04-20_1757/V4_5__step2-factor-residual-etf__2026-04-20_1757.err
  manifest_json: /home/wang.yige/7380/log/V4_5/V4_5__step2-factor-residual-etf__2026-04-20_1757/run_manifest.json
  manifest_txt: /home/wang.yige/7380/log/V4_5/V4_5__step2-factor-residual-etf__2026-04-20_1757/run_manifest.txt


Strategy variant: Step2 FactorResidualETF
Hyperparameters: {'d_model': 256, 'num_layers': 4, 'nhead': 8, 'dropout': 0.15, 'listnet_weight': 0.0, 'temperature': 1.0, 'num_epochs': 100, 'patience': 15, 'lr': 0.0003, 'batch_days': 16, 'top_n': 5, 'rebal_freq': 5, 'stock_plot': 'AAPL', 'beta_window': 120, 'beta_min_obs': 60, 'score_smooth_window': 3, 'score_smooth_method': 'ewm', 'no_trade_band': 0.3, 'amp_mode': 'on', 'amp_dtype': 'float16', 'amp_enabled': True}
Forward AMP: on (float16) | Loss precision: fp32
OK: local [2018-01-01 ~ 2025-12-31] covers [2018-01-01 ~ 2025-12-31]
Loaded 223 stocks [2018-01-01 ~ 2025-12-31]
Strategy: Step2 FactorResidualETF
Factors: 35
Targets: ETF-residual 5-day forward returns | proxies: SPY, QQQ, XLE, TLT, GLD
Beta estimation: trailing 120 daily returns | min obs 60
Residualized labels: 413943/427323 (96.9%) | raw fallback: 13380
Removing 2 stocks with < 4 years
Keeping 221 stocks | 35 factors
Valid days: 1945 | 2018-03-29 ~ 2025-12-22
Dropped 0 stocks in normalization
Stocks with data: 221
Daily dataset: 1865 days | stocks/day: 192-221 (avg 212)
full_data ready | 1865 days | 35 factors
Active ETF proxies in data: SPY, QQQ, XLE, TLT, GLD
Data spans 7.4 years
8 folds
  Fold 1: Train [2018-07~2021-07] Val [2021-07~2022-01] Test [2022-01~2022-07] (756/126/125)
  Fold 2: Train [2018-07~2022-01] Val [2022-01~2022-07] Test [2022-07~2023-01] (882/125/126)
  Fold 3: Train [2018-07~2022-07] Val [2022-07~2023-01] Test [2023-01~2023-07] (1007/126/124)
  Fold 4: Train [2018-07~2023-01] Val [2023-01~2023-07] Test [2023-07~2024-01] (1133/124/127)
  Fold 5: Train [2018-07~2023-07] Val [2023-07~2024-01] Test [2024-01~2024-07] (1257/127/125)
  Fold 6: Train [2018-07~2024-01] Val [2024-01~2024-07] Test [2024-07~2025-01] (1384/125/126)
  Fold 7: Train [2018-07~2024-07] Val [2024-07~2025-01] Test [2025-01~2025-07] (1509/126/124)
  Fold 8: Train [2018-07~2025-01] Val [2025-01~2025-07] Test [2025-07~2025-12] (1635/124/105)

============================================================
Fold 1/8: test [2022-01-24 ~ 2022-07-24]
============================================================
  Train: 756 | Val: 126 | Test: 125 days
  Precomputed 756 days (stored on cpu, batch-loaded to cuda)
    Ep  10 | Loss:0.4722 | Train IC:0.5278 | Val IC:0.0144 | Best:0.0144 | P:0/15 | Sec:2.9
    Ep  20 | Loss:0.3031 | Train IC:0.6969 | Val IC:0.0231 | Best:0.0380 | P:7/15 | Sec:2.9
    Early stop at epoch 28
  Done | Test IC: 0.0064 | Best Val IC: 0.0380


============================================================
Fold 2/8: test [2022-07-24 ~ 2023-01-24]
============================================================
  Train: 882 | Val: 125 | Test: 126 days
  Precomputed 882 days (stored on cpu, batch-loaded to cuda)
    Ep  10 | Loss:0.4709 | Train IC:0.5291 | Val IC:-0.0018 | Best:0.0027 | P:1/15 | Sec:3.4
    Ep  20 | Loss:0.3040 | Train IC:0.6960 | Val IC:0.0002 | Best:0.0087 | P:9/15 | Sec:3.3
    Early stop at epoch 26
  Done | Test IC: 0.0049 | Best Val IC: 0.0087


============================================================
Fold 3/8: test [2023-01-24 ~ 2023-07-24]
============================================================
  Train: 1007 | Val: 126 | Test: 124 days
  Precomputed 1007 days (stored on cpu, batch-loaded to cuda)
    Ep  10 | Loss:0.4749 | Train IC:0.5251 | Val IC:0.0290 | Best:0.0343 | P:4/15 | Sec:3.8
    Ep  20 | Loss:0.3091 | Train IC:0.6909 | Val IC:0.0350 | Best:0.0391 | P:9/15 | Sec:3.8
    Early stop at epoch 26
  Done | Test IC: 0.0315 | Best Val IC: 0.0391


============================================================
Fold 4/8: test [2023-07-24 ~ 2024-01-24]
============================================================
  Train: 1133 | Val: 124 | Test: 127 days
  Precomputed 1133 days (stored on cpu, batch-loaded to cuda)
    Ep  10 | Loss:0.4790 | Train IC:0.5210 | Val IC:-0.0235 | Best:0.0206 | P:9/15 | Sec:4.2
    Ep  20 | Loss:0.3164 | Train IC:0.6836 | Val IC:0.0088 | Best:0.0206 | P:19/15 | Sec:4.3
    Early stop at epoch 21
  Done | Test IC: -0.0248 | Best Val IC: 0.0206


============================================================
Fold 5/8: test [2024-01-24 ~ 2024-07-24]
============================================================
  Train: 1257 | Val: 127 | Test: 125 days
  Precomputed 1257 days (stored on cpu, batch-loaded to cuda)
    Ep  10 | Loss:0.4851 | Train IC:0.5149 | Val IC:0.0129 | Best:0.0510 | P:7/15 | Sec:4.7
    Ep  20 | Loss:0.3165 | Train IC:0.6835 | Val IC:-0.0108 | Best:0.0510 | P:17/15 | Sec:4.7
    Early stop at epoch 21
  Done | Test IC: -0.0005 | Best Val IC: 0.0510


============================================================
Fold 6/8: test [2024-07-24 ~ 2025-01-24]
============================================================
  Train: 1384 | Val: 125 | Test: 126 days
  Precomputed 1384 days (stored on cpu, batch-loaded to cuda)
    Ep  10 | Loss:0.4824 | Train IC:0.5176 | Val IC:-0.0080 | Best:0.0131 | P:3/15 | Sec:5.1
    Ep  20 | Loss:0.3219 | Train IC:0.6781 | Val IC:0.0209 | Best:0.0209 | P:0/15 | Sec:5.1
    Ep  30 | Loss:0.2567 | Train IC:0.7433 | Val IC:0.0217 | Best:0.0217 | P:0/15 | Sec:5.2
    Ep  40 | Loss:0.2245 | Train IC:0.7755 | Val IC:0.0246 | Best:0.0276 | P:5/15 | Sec:5.3
    Ep  50 | Loss:0.2169 | Train IC:0.7831 | Val IC:0.0257 | Best:0.0276 | P:15/15 | Sec:5.1
    Early stop at epoch 50
  Done | Test IC: 0.0084 | Best Val IC: 0.0276


============================================================
Fold 7/8: test [2025-01-24 ~ 2025-07-24]
============================================================
  Train: 1509 | Val: 126 | Test: 124 days
  Precomputed 1509 days (stored on cpu, batch-loaded to cuda)
    Ep  10 | Loss:0.4847 | Train IC:0.5153 | Val IC:0.0038 | Best:0.0089 | P:6/15 | Sec:5.6
    Ep  20 | Loss:0.3248 | Train IC:0.6752 | Val IC:0.0070 | Best:0.0109 | P:9/15 | Sec:5.6
    Early stop at epoch 26
  Done | Test IC: -0.0123 | Best Val IC: 0.0109


============================================================
Fold 8/8: test [2025-07-24 ~ 2025-12-22]
============================================================
  Train: 1635 | Val: 124 | Test: 105 days
  Precomputed 1635 days (stored on cpu, batch-loaded to cuda)
    Ep  10 | Loss:0.4926 | Train IC:0.5074 | Val IC:-0.0027 | Best:0.0110 | P:4/15 | Sec:6.1
    Ep  20 | Loss:0.3354 | Train IC:0.6646 | Val IC:0.0096 | Best:0.0195 | P:1/15 | Sec:6.1
    Ep  30 | Loss:0.2655 | Train IC:0.7345 | Val IC:0.0203 | Best:0.0206 | P:4/15 | Sec:6.1
    Ep  40 | Loss:0.2345 | Train IC:0.7655 | Val IC:0.0045 | Best:0.0206 | P:14/15 | Sec:6.1
    Early stop at epoch 41
  Done | Test IC: 0.0289 | Best Val IC: 0.0206


============================================================
V4 Rolling Window Summary
============================================================
  Fold 1: Val IC=0.0380 | Test IC=0.0064 | [2022-01 ~ 2022-07]
  Fold 2: Val IC=0.0087 | Test IC=0.0049 | [2022-07 ~ 2023-01]
  Fold 3: Val IC=0.0391 | Test IC=0.0315 | [2023-01 ~ 2023-07]
  Fold 4: Val IC=0.0206 | Test IC=-0.0248 | [2023-07 ~ 2024-01]
  Fold 5: Val IC=0.0510 | Test IC=-0.0005 | [2024-01 ~ 2024-07]
  Fold 6: Val IC=0.0276 | Test IC=0.0084 | [2024-07 ~ 2025-01]
  Fold 7: Val IC=0.0109 | Test IC=-0.0123 | [2025-01 ~ 2025-07]
  Fold 8: Val IC=0.0206 | Test IC=0.0289 | [2025-07 ~ 2025-12]

  Avg Val IC:  0.0271
  Avg Test IC: 0.0053
  IC gap: 0.0218
  Total predictions: 216,808

Portfolio construction...
  top_n=5 | rebal_freq=5 | score_smooth=ewm:3 | no_trade_band=0.30

Signal direction test...
Using reversed signal.

  =============================================
  Gross
  =============================================
    Total:  -5.47%
    Annual: -1.43%
    Vol:    17.88%
    Sharpe: -0.30
    MaxDD:  -27.07%
    WinRate:53%

  =============================================
  Net
  =============================================
    Total:  -25.59%
    Annual: -7.28%
    Vol:    17.89%
    Sharpe: -0.63
    MaxDD:  -32.20%
    WinRate:51%

  =============================================
  By Year
  =============================================
    2022: Ret=4.11% Sharpe=0.31 N=48
    2023: Ret=-24.57% Sharpe=-1.60 N=50
    2024: Ret=21.62% Sharpe=1.36 N=50
    2025: Ret=-22.09% Sharpe=-1.34 N=49
[LOG] Saved: /home/wang.yige/7380/log/V4_5/V4_5__step2-factor-residual-etf__2026-04-20_1757/img/01_V4_fold_ic.png
[LOG] Saved: /home/wang.yige/7380/log/V4_5/V4_5__step2-factor-residual-etf__2026-04-20_1757/img/02_V4_strategy_results.png
Mean IC: -0.0061 | Std: 0.1016 | IR: -0.0605 | IC>0: 46%
[LOG] Saved: /home/wang.yige/7380/log/V4_5/V4_5__step2-factor-residual-etf__2026-04-20_1757/img/03_V4_daily_ic.png
[LOG] Saved: /home/wang.yige/7380/log/V4_5/V4_5__step2-factor-residual-etf__2026-04-20_1757/img/04_AAPL_V4.png
AAPL: 982 samples | Dir acc: 49.9% | Corr: -0.0195
[LOG] Saved tabular outputs into /home/wang.yige/7380/log/V4_5/V4_5__step2-factor-residual-etf__2026-04-20_1757
