============================================================
  Run:  V4_5__step2-factor-residual-etf__2026-04-20_0911
  Dir:  /home/wang.yige/7380/log/V4_5/V4_5__step2-factor-residual-etf__2026-04-20_0911/
  Out:  V4_5__step2-factor-residual-etf__2026-04-20_0911.out
  Err:  V4_5__step2-factor-residual-etf__2026-04-20_0911.err
  Img:  img/
  Meta: run_manifest.json | run_manifest.txt
============================================================
Experiment Manifest
  Strategy code: step2_factor_residual_etf
  Strategy name: Step2 FactorResidualETF
  Strategy summary: Use trailing ETF betas to strip out predicted systematic return from each stock's 5-day forward return so the model trains on a cleaner idiosyncratic target.
  Target label: Label = stock 5-day forward return minus trailing-beta ETF-implied 5-day return using SPY, QQQ, XLE, TLT, GLD.
  Trainer profile: Notebook-aligned local-memory trainer: precomputed day tensors stay on CPU, batched forward passes run on GPU, and each batch moves to device only when needed to reduce OOM risk.
  ETF proxies: SPY, QQQ, XLE, TLT, GLD
  Reference notebook: JP_Morgen_V4_MPS.ipynb
  Strategy dir: /home/wang.yige/7380/JP_Morgen_V4_5/strategies/step2_factor_residual_etf
  Device: cuda
  AMP active: True (float16)

Loaded Parameters
  d_model=256 | Transformer hidden dimension.
  num_layers=4 | Number of Two-Way attention blocks.
  nhead=8 | Attention heads per transformer layer.
  dropout=0.15 | Dropout applied in projection and head layers.
  listnet_weight=0.0 | Weight for ListNet ranking loss; step2 keeps this at 0.0 to isolate the target change first.
  temperature=1.0 | ListNet softmax temperature.
  num_epochs=100 | Maximum epochs per fold.
  patience=15 | Early stopping patience after epoch 20.
  lr=0.0003 | AdamW learning rate.
  batch_days=16 | Number of trading days grouped into one training batch before GPU transfer.
  top_n=3 | Top and bottom names used in long-short backtest.
  rebal_freq=5 | Backtest rebalance interval in trading days.
  stock_plot=AAPL | Ticker used for rolling prediction visualization.
  beta_window=120 | Trailing daily-return window used to estimate ETF betas.
  beta_min_obs=60 | Minimum valid daily-return observations required to fit ETF betas.
  amp_mode=on | CUDA mixed precision forward mode. Step2 now defaults to on for faster local training.
  amp_dtype=float16 | Mixed precision dtype when AMP is enabled.

Artifact Files
  stdout: /home/wang.yige/7380/log/V4_5/V4_5__step2-factor-residual-etf__2026-04-20_0911/V4_5__step2-factor-residual-etf__2026-04-20_0911.out
  stderr: /home/wang.yige/7380/log/V4_5/V4_5__step2-factor-residual-etf__2026-04-20_0911/V4_5__step2-factor-residual-etf__2026-04-20_0911.err
  manifest_json: /home/wang.yige/7380/log/V4_5/V4_5__step2-factor-residual-etf__2026-04-20_0911/run_manifest.json
  manifest_txt: /home/wang.yige/7380/log/V4_5/V4_5__step2-factor-residual-etf__2026-04-20_0911/run_manifest.txt


Strategy variant: Step2 FactorResidualETF
Hyperparameters: {'d_model': 256, 'num_layers': 4, 'nhead': 8, 'dropout': 0.15, 'listnet_weight': 0.0, 'temperature': 1.0, 'num_epochs': 100, 'patience': 15, 'lr': 0.0003, 'batch_days': 16, 'top_n': 3, 'rebal_freq': 5, 'stock_plot': 'AAPL', 'beta_window': 120, 'beta_min_obs': 60, 'amp_mode': 'on', 'amp_dtype': 'float16', 'amp_enabled': True}
Forward AMP: on (float16) | Loss precision: fp32
Downloading [2018-01-01 ~ 2025-12-31]...
  + AAPL: 2010
  + MSFT: 2010
  + GOOGL: 2010
  + AMZN: 2010
  + META: 2010
  + NVDA: 2010
  + TSLA: 2010
  + AVGO: 2010
  + ORCL: 2010
  + CRM: 2010
  + ADBE: 2010
  + AMD: 2010
  + INTC: 2010
  + CSCO: 2010
  + IBM: 2010
  + QCOM: 2010
  + TXN: 2010
  + MU: 2010
  + AMAT: 2010
  + LRCX: 2010
  + KLAC: 2010
  + MRVL: 2010
  + ON: 2010
  + ADI: 2010
  + SNPS: 2010
  + CDNS: 2010
  + NXPI: 2010
  + MCHP: 2010
  + SWKS: 2010
  + TER: 2010
  + NOW: 2010
  + PANW: 2010
  + CRWD: 1648
  + NET: 1583
  + DDOG: 1579
  + ZS: 1959
  + SNOW: 1329
  + PLTR: 1319
  + FTNT: 2010
  + ANET: 2010
  + INTU: 2010
  + WDAY: 2010
  + TEAM: 2010
  + HUBS: 2010
  + VEEV: 2010
  + OKTA: 2010
  + MDB: 2010
  + BILL: 1520
  + ESTC: 1818
  + NFLX: 2010
  + PYPL: 2010
  + SHOP: 2010
  + UBER: 1670
  + ABNB: 1269
  + SNAP: 2010
  + PINS: 1685
  + DASH: 1270
  + HOOD: 1111
  + APP: 1184
  + RBLX: 1209
  + XOM: 2010
  + CVX: 2010
  + COP: 2010
  + EOG: 2010
  + SLB: 2010
  + MPC: 2010
  + PSX: 2010
  + VLO: 2010
  + OXY: 2010
  + DVN: 2010
  + HAL: 2010
  + BKR: 2010
  + FANG: 2010
  + KMI: 2010
  + FSLR: 2010
  + NEE: 2010
  + AES: 2010
  + CEG: 991
  + VST: 2010
  + NRG: 2010
  + GEV: 442
  + ENPH: 2010
  + DUK: 2010
  + SO: 2010
  + JPM: 2010
  + GS: 2010
  + MS: 2010
  + BAC: 2010
  + WFC: 2010
  + C: 2010
  + SCHW: 2010
  + USB: 2010
  + PNC: 2010
  + BK: 2010
  + COF: 2010
  + AXP: 2010
  + BLK: 2010
  + BX: 2010
  + KKR: 2010
  + APO: 2010
  + ICE: 2010
  + CME: 2010
  + MCO: 2010
  + SPGI: 2010
  + CB: 2010
  + PGR: 2010
  + TRV: 2010
  + AON: 2010
  + ALL: 2010
  + MET: 2010
  + LLY: 2010
  + JNJ: 2010
  + UNH: 2010
  + ABBV: 2010
  + MRK: 2010
  + PFE: 2010
  + AMGN: 2010
  + GILD: 2010
  + BMY: 2010
  + REGN: 2010
  + VRTX: 2010
  + BIIB: 2010
  + MRNA: 1775
  + ILMN: 2010
  + ALNY: 2010
  + INCY: 2010
  + EXAS: 2010
  + PCVX: 1395
  + ABT: 2010
  + TMO: 2010
  + ISRG: 2010
  + SYK: 2010
  + BSX: 2010
  + MDT: 2010
  + DHR: 2010
  + HCA: 2010
  + EW: 2010
  + DXCM: 2010
  + PODD: 2010
  + HOLX: 2010
  + CRSP: 2010
  + NTLA: 2010
  + BEAM: 1483
  + EDIT: 2010
  + RARE: 2010
  + TWST: 1800
  + RXRX: 1183
  + SDGR: 1483
  + TXG: 1584
  + NUVB: 1343
  + CAT: 2010
  + GE: 2010
  + RTX: 2010
  + HON: 2010
  + BA: 2010
  + LMT: 2010
  + GD: 2010
  + NOC: 2010
  + DE: 2010
  + ETN: 2010
  + PH: 2010
  + TT: 2010
  + LHX: 2010
  + TDG: 2010
  + HWM: 2010
  + PG: 2010
  + KO: 2010
  + PEP: 2010
  + COST: 2010
  + WMT: 2010
  + MCD: 2010
  + SBUX: 2010
  + CL: 2010
  + MDLZ: 2010
  + MNST: 2010
  + PM: 2010
  + MO: 2010
  + HD: 2010
  + LOW: 2010
  + TJX: 2010
  + ROST: 2010
  + NKE: 2010
  + MAR: 2010
  + HLT: 2010
  + RCL: 2010
  + GM: 2010
  + ORLY: 2010
  + BKNG: 2010
  + DIS: 2010
  + TMUS: 2010
  + VZ: 2010
  + T: 2010
  + CMCSA: 2010
  + WBD: 2010
  + CHTR: 2010
  + PLD: 2010
  + AMT: 2010
  + EQIX: 2010
  + DLR: 2010
  + SPG: 2010
  + WELL: 2010
  + CCI: 2010
  + PSA: 2010
  + LIN: 2010
  + SHW: 2010
  + ECL: 2010
  + APD: 2010
  + NEM: 2010
  + FCX: 2010
  + UNP: 2010
  + CSX: 2010
  + NSC: 2010
  + FDX: 2010
  + UPS: 2010
  + WM: 2010
  + PATH: 1180
  + AI: 1270
  + IONQ: 1254
  + SMCI: 2010
  + SOUN: 922
  + BBAI: 1192
  + GFAI: 1068
  + AMBA: 2010
Saved 223 stocks to /home/wang.yige/7380/v3_data/
Strategy: Step2 FactorResidualETF
Factors: 35
Targets: ETF-residual 5-day forward returns | proxies: SPY, QQQ, XLE, TLT, GLD
Beta estimation: trailing 120 daily returns | min obs 60
Residualized labels: 413943/427323 (96.9%) | raw fallback: 13380
Removing 2 stocks with < 4 years
Keeping 221 stocks | 35 factors
Valid days: 1945 | 2018-03-29 ~ 2025-12-22
Dropped 0 stocks in normalization
Stocks with data: 221
Daily dataset: 1865 days | stocks/day: 192-221 (avg 212)
full_data ready | 1865 days | 35 factors
Active ETF proxies in data: SPY, QQQ, XLE, TLT, GLD
Data spans 7.4 years
8 folds
  Fold 1: Train [2018-07~2021-07] Val [2021-07~2022-01] Test [2022-01~2022-07] (756/126/125)
  Fold 2: Train [2018-07~2022-01] Val [2022-01~2022-07] Test [2022-07~2023-01] (882/125/126)
  Fold 3: Train [2018-07~2022-07] Val [2022-07~2023-01] Test [2023-01~2023-07] (1007/126/124)
  Fold 4: Train [2018-07~2023-01] Val [2023-01~2023-07] Test [2023-07~2024-01] (1133/124/127)
  Fold 5: Train [2018-07~2023-07] Val [2023-07~2024-01] Test [2024-01~2024-07] (1257/127/125)
  Fold 6: Train [2018-07~2024-01] Val [2024-01~2024-07] Test [2024-07~2025-01] (1384/125/126)
  Fold 7: Train [2018-07~2024-07] Val [2024-07~2025-01] Test [2025-01~2025-07] (1509/126/124)
  Fold 8: Train [2018-07~2025-01] Val [2025-01~2025-07] Test [2025-07~2025-12] (1635/124/105)

============================================================
Fold 1/8: test [2022-01-24 ~ 2022-07-24]
============================================================
  Train: 756 | Val: 126 | Test: 125 days
  Precomputed 756 days (stored on cpu, batch-loaded to cuda)
    Ep  10 | Loss:0.4845 | Train IC:0.5155 | Val IC:-0.0009 | Best:-0.0009 | P:0/15 | Sec:9.0
    Ep  20 | Loss:0.3091 | Train IC:0.6909 | Val IC:0.0150 | Best:0.0271 | P:2/15 | Sec:8.9
    Ep  30 | Loss:0.2413 | Train IC:0.7587 | Val IC:0.0307 | Best:0.0320 | P:4/15 | Sec:9.0
    Ep  40 | Loss:0.2135 | Train IC:0.7865 | Val IC:0.0307 | Best:0.0360 | P:7/15 | Sec:8.9
    Early stop at epoch 48
  Done | Test IC: -0.0051 | Best Val IC: 0.0360


============================================================
Fold 2/8: test [2022-07-24 ~ 2023-01-24]
============================================================
  Train: 882 | Val: 125 | Test: 126 days
  Precomputed 882 days (stored on cpu, batch-loaded to cuda)
    Ep  10 | Loss:0.4612 | Train IC:0.5388 | Val IC:-0.0193 | Best:0.0342 | P:9/15 | Sec:10.5
    Ep  20 | Loss:0.3026 | Train IC:0.6974 | Val IC:-0.0099 | Best:0.0342 | P:19/15 | Sec:10.5
    Early stop at epoch 21
  Done | Test IC: 0.0034 | Best Val IC: 0.0342


============================================================
Fold 3/8: test [2023-01-24 ~ 2023-07-24]
============================================================
  Train: 1007 | Val: 126 | Test: 124 days
  Precomputed 1007 days (stored on cpu, batch-loaded to cuda)
    Ep  10 | Loss:0.4776 | Train IC:0.5224 | Val IC:-0.0169 | Best:0.0049 | P:4/15 | Sec:12.0
    Ep  20 | Loss:0.3028 | Train IC:0.6972 | Val IC:0.0069 | Best:0.0069 | P:0/15 | Sec:11.9
    Ep  30 | Loss:0.2425 | Train IC:0.7575 | Val IC:0.0162 | Best:0.0185 | P:1/15 | Sec:11.9
    Ep  40 | Loss:0.2126 | Train IC:0.7874 | Val IC:0.0136 | Best:0.0185 | P:11/15 | Sec:12.0
    Early stop at epoch 44
  Done | Test IC: -0.0201 | Best Val IC: 0.0185


============================================================
Fold 4/8: test [2023-07-24 ~ 2024-01-24]
============================================================
  Train: 1133 | Val: 124 | Test: 127 days
  Precomputed 1133 days (stored on cpu, batch-loaded to cuda)
    Ep  10 | Loss:0.4812 | Train IC:0.5188 | Val IC:0.0017 | Best:0.0256 | P:9/15 | Sec:13.3
    Ep  20 | Loss:0.3118 | Train IC:0.6882 | Val IC:-0.0149 | Best:0.0256 | P:19/15 | Sec:13.4
    Early stop at epoch 21
  Done | Test IC: 0.0313 | Best Val IC: 0.0256


============================================================
Fold 5/8: test [2024-01-24 ~ 2024-07-24]
============================================================
  Train: 1257 | Val: 127 | Test: 125 days
  Precomputed 1257 days (stored on cpu, batch-loaded to cuda)
    Ep  10 | Loss:0.4871 | Train IC:0.5129 | Val IC:-0.0058 | Best:0.0335 | P:7/15 | Sec:14.7
    Ep  20 | Loss:0.3260 | Train IC:0.6740 | Val IC:0.0130 | Best:0.0335 | P:17/15 | Sec:14.9
    Early stop at epoch 21
  Done | Test IC: 0.0071 | Best Val IC: 0.0335


============================================================
Fold 6/8: test [2024-07-24 ~ 2025-01-24]
============================================================
  Train: 1384 | Val: 125 | Test: 126 days
  Precomputed 1384 days (stored on cpu, batch-loaded to cuda)
    Ep  10 | Loss:0.4888 | Train IC:0.5112 | Val IC:0.0036 | Best:0.0345 | P:4/15 | Sec:16.2
    Ep  20 | Loss:0.3297 | Train IC:0.6703 | Val IC:0.0279 | Best:0.0405 | P:1/15 | Sec:16.2
    Ep  30 | Loss:0.2617 | Train IC:0.7383 | Val IC:0.0334 | Best:0.0405 | P:11/15 | Sec:16.2
    Early stop at epoch 34
  Done | Test IC: -0.0060 | Best Val IC: 0.0405


============================================================
Fold 7/8: test [2025-01-24 ~ 2025-07-24]
============================================================
  Train: 1509 | Val: 126 | Test: 124 days
  Precomputed 1509 days (stored on cpu, batch-loaded to cuda)
    Ep  10 | Loss:0.4844 | Train IC:0.5156 | Val IC:-0.0118 | Best:0.0092 | P:6/15 | Sec:17.7
    Ep  20 | Loss:0.3272 | Train IC:0.6728 | Val IC:0.0007 | Best:0.0180 | P:5/15 | Sec:17.6
    Ep  30 | Loss:0.2604 | Train IC:0.7396 | Val IC:-0.0095 | Best:0.0180 | P:15/15 | Sec:17.7
    Early stop at epoch 30
  Done | Test IC: -0.0171 | Best Val IC: 0.0180


============================================================
Fold 8/8: test [2025-07-24 ~ 2025-12-22]
============================================================
  Train: 1635 | Val: 124 | Test: 105 days
  Precomputed 1635 days (stored on cpu, batch-loaded to cuda)
