============================================================
  Run:  V4_2026-04-01_1742
  Dir:  /Users/yigewang/Desktop/Quant_AI/JP_Morgen/log/V4_2026-04-01_1742/
  Out:  log.out
  Err:  log.err
  Img:  img/
============================================================

Device: cpu
Stock universe: 228 tickers across 19 sectors
  mega_tech                : 15 stocks
  semicon                  : 15 stocks
  cloud_saas               : 20 stocks
  consumer_internet        : 12 stocks
  energy_oil               : 15 stocks
  energy_clean             : 10 stocks
  financials               : 20 stocks
  insurance                : 6 stocks
  pharma_biotech           : 20 stocks
  health_devices           : 12 stocks
  emerging_biotech         : 10 stocks
  industrials              : 15 stocks
  consumer_staples         : 12 stocks
  consumer_disc            : 12 stocks
  telecom                  : 6 stocks
  reits                    : 8 stocks
  materials                : 6 stocks
  transport                : 6 stocks
  emerging_ai              : 8 stocks
✅ 日期校验通过: 本地 [2016-01-01 ~ 2025-12-31] 覆盖请求 [2016-01-01 ~ 2025-12-31]
✅ 从 ./v3_data/ 加载 (223 stocks, filtered to [2016-01-01 ~ 2025-12-31])
因子数: 35
['ret_5d', 'ret_10d', 'ret_20d', 'ret_60d', 'mom_accel', 'vol_20d', 'vol_ratio', 'vol_accel', 'intraday_vol', 'vol_spread', 'vol_ma_ratio', 'volume_trend', 'obv_norm', 'vwap_dev', 'bb_pos', 'ma_cross_s', 'ma_cross_l', 'rsi', 'price_pos', 'price_range', 'rel_SP500', 'corr_SP500', 'rel_Nasdaq100', 'corr_Nasdaq100', 'rel_EnergySector', 'corr_EnergySector', 'ret_252d', 'ma200_dev', 'sharpe_20d', 'gap', 'f_pe', 'f_pb', 'f_market_cap', 'f_dividend_yield', 'f_roe']
⚠️  Removing 17 stocks with < 5 years:
    AI: starts 2021-12-09
    ABNB: starts 2021-12-10
    NUVB: starts 2021-08-26
    PCVX: starts 2021-06-14
    GFAI: starts 2022-09-29
    HOOD: starts 2022-07-29
    BBAI: starts 2022-04-01
    SNOW: starts 2021-09-16
    PATH: starts 2022-04-20
    IONQ: starts 2022-01-03
    RBLX: starts 2022-03-09
    DASH: starts 2021-12-09
    PLTR: starts 2021-09-30
    RXRX: starts 2022-04-14
    SOUN: starts 2023-05-01
    CEG: starts 2023-01-20
    APP: starts 2022-04-13

✅ Keeping 206 stocks | 35 factors
Require >= 164/206 stocks per day (80%)
Valid trading days: 2006
Date range: 2017-01-03 ~ 2024-12-20
Stocks with valid normalized data: 59

Daily dataset: 1886 days
Stocks/day: min=50, max=59, avg=56
Date range: 2017-06-26 ~ 2024-12-20

✅ full_data ready | 1886 days | 35 factors
   Next: run Cell 4 (model) → Cell 5 (loss) → Cell 6 (train)
V4 params: 812,738
Loss: 70% ListNet + 30% IC
Data spans 7.5 years
Auto config: min_train=3yr, val=6mo, test=6mo

共 8 个 fold:

  Fold 1: Train [2017-06 ~ 2020-06] | Val [2020-06 ~ 2020-12] | Test [2020-12 ~ 2021-06] (756/127/125 days)
  Fold 2: Train [2017-06 ~ 2020-12] | Val [2020-12 ~ 2021-06] | Test [2021-06 ~ 2021-12] (883/125/126 days)
  Fold 3: Train [2017-06 ~ 2021-06] | Val [2021-06 ~ 2021-12] | Test [2021-12 ~ 2022-06] (1008/126/125 days)
  Fold 4: Train [2017-06 ~ 2021-12] | Val [2021-12 ~ 2022-06] | Test [2022-06 ~ 2022-12] (1134/125/127 days)
  Fold 5: Train [2017-06 ~ 2022-06] | Val [2022-06 ~ 2022-12] | Test [2022-12 ~ 2023-06] (1259/127/123 days)
  Fold 6: Train [2017-06 ~ 2022-12] | Val [2022-12 ~ 2023-06] | Test [2023-06 ~ 2023-12] (1386/123/127 days)
  Fold 7: Train [2017-06 ~ 2023-06] | Val [2023-06 ~ 2023-12] | Test [2023-12 ~ 2024-06] (1509/127/125 days)
  Fold 8: Train [2017-06 ~ 2023-12] | Val [2023-12 ~ 2024-06] | Test [2024-06 ~ 2024-12] (1636/125/124 days)
============================================================
Fold 1/8: test [2020-12-26 ~ 2021-06-26]
============================================================
  Train: 756 days | Val: 127 days | Test: 125 days
  Precomputed 756 days
    Ep  10 | Loss:2.8879 | Train IC:0.6191 | Val IC:0.0040 | Best:0.1007 | P:7/8
    Early stop at epoch 11 (best Val IC: 0.1007)
  ✅ Fold done | Test IC: -0.0007 | Best Val IC: 0.1007

============================================================
Fold 2/8: test [2021-06-26 ~ 2021-12-26]
============================================================
  Train: 883 days | Val: 125 days | Test: 126 days
  Precomputed 883 days
    Ep  10 | Loss:2.8905 | Train IC:0.6247 | Val IC:0.0195 | Best:0.0432 | P:6/8
    Early stop at epoch 12 (best Val IC: 0.0432)
  ✅ Fold done | Test IC: 0.0453 | Best Val IC: 0.0432

============================================================
Fold 3/8: test [2021-12-26 ~ 2022-06-26]
============================================================
  Train: 1008 days | Val: 126 days | Test: 125 days
  Precomputed 1008 days
    Ep  10 | Loss:2.8993 | Train IC:0.6228 | Val IC:-0.0147 | Best:0.0181 | P:1/8
    Early stop at epoch 17 (best Val IC: 0.0181)
  ✅ Fold done | Test IC: -0.0389 | Best Val IC: 0.0181

============================================================
Fold 4/8: test [2022-06-26 ~ 2022-12-26]
============================================================
  Train: 1134 days | Val: 125 days | Test: 127 days
  Precomputed 1134 days
    Early stop at epoch 9 (best Val IC: 0.0792)
  ✅ Fold done | Test IC: 0.0672 | Best Val IC: 0.0792

============================================================
Fold 5/8: test [2022-12-26 ~ 2023-06-26]
============================================================
  Train: 1259 days | Val: 127 days | Test: 123 days
  Precomputed 1259 days
    Ep  10 | Loss:2.9330 | Train IC:0.5557 | Val IC:0.0075 | Best:0.0458 | P:1/8
    Early stop at epoch 17 (best Val IC: 0.0458)
  ✅ Fold done | Test IC: -0.0266 | Best Val IC: 0.0458

============================================================
Fold 6/8: test [2023-06-26 ~ 2023-12-26]
============================================================
  Train: 1386 days | Val: 123 days | Test: 127 days
  Precomputed 1386 days
    Ep  10 | Loss:2.9256 | Train IC:0.5968 | Val IC:-0.0172 | Best:-0.0012 | P:7/8
    Early stop at epoch 11 (best Val IC: -0.0012)
  ✅ Fold done | Test IC: 0.0549 | Best Val IC: -0.0012

============================================================
Fold 7/8: test [2023-12-26 ~ 2024-06-26]
============================================================
  Train: 1509 days | Val: 127 days | Test: 125 days
  Precomputed 1509 days
    Ep  10 | Loss:2.9344 | Train IC:0.5810 | Val IC:0.0055 | Best:0.0316 | P:5/8
    Early stop at epoch 13 (best Val IC: 0.0316)
  ✅ Fold done | Test IC: 0.0087 | Best Val IC: 0.0316

============================================================
Fold 8/8: test [2024-06-26 ~ 2024-12-20]
============================================================
  Train: 1636 days | Val: 125 days | Test: 124 days
  Precomputed 1636 days
    Ep  10 | Loss:2.9447 | Train IC:0.5586 | Val IC:-0.0033 | Best:0.0458 | P:3/8
    Early stop at epoch 15 (best Val IC: 0.0458)
  ✅ Fold done | Test IC: 0.0307 | Best Val IC: 0.0458


============================================================
V4 Rolling Window Summary
============================================================
  Fold 1: Val IC=0.1007 | Test IC=-0.0007 | [2020-12 ~ 2021-06]
  Fold 2: Val IC=0.0432 | Test IC=0.0453 | [2021-06 ~ 2021-12]
  Fold 3: Val IC=0.0181 | Test IC=-0.0389 | [2021-12 ~ 2022-06]
  Fold 4: Val IC=0.0792 | Test IC=0.0672 | [2022-06 ~ 2022-12]
  Fold 5: Val IC=0.0458 | Test IC=-0.0266 | [2022-12 ~ 2023-06]
  Fold 6: Val IC=-0.0012 | Test IC=0.0549 | [2023-06 ~ 2023-12]
  Fold 7: Val IC=0.0316 | Test IC=0.0087 | [2023-12 ~ 2024-06]
  Fold 8: Val IC=0.0458 | Test IC=0.0307 | [2024-06 ~ 2024-12]

  Avg Val IC:  0.0454
  Avg Test IC: 0.0176
  IC gap: 0.0278

  Total predictions: 59,018
e976ee50-99ed-4aba-9b6b-9dcd5634d07d:IPyWidgets:8.1.5
EXECUTABLE/opt/anaconda3/bin/pythonEXECUTABLE
['/jupyter-js-widgets/extension.js', '/jupyterlab-plotly/extension.js']
